Base path: 'H:/2020.2.1f1/Editor/Data', plugins path 'H:/2020.2.1f1/Editor/Data/PlaybackEngines'
Cmd: initializeCompiler
Cmd: compileComputeKernel
  error: 2 plat 4 at TestGetHeight.compute(17): invalid type for index - index must be a scalar, or a vector with the correct number of dimensions
  api=4 insize=253 outsize=0 ok=0
Cmd: compileComputeKernel
  error: 2 plat 4 at TestGetHeight.compute(17): invalid type for index - index must be a scalar, or a vector with the correct number of dimensions
  api=4 insize=257 outsize=0 ok=0
Cmd: compileComputeKernel
  api=4 insize=326 outsize=524 ok=1
Cmd: compileComputeKernel
  api=4 insize=346 outsize=452 ok=1
Cmd: compileComputeKernel
  error: 1 plat 4 at TestGetHeight.compute(8): comma expression used where a vector constructor may have been intended
  error: 1 plat 4 at TestGetHeight.compute(14): comma expression used where a vector constructor may have been intended
  error: 1 plat 4 at TestGetHeight.compute(14): potentially unintended use of a comma expression in a variable initializer
  api=4 insize=628 outsize=682 ok=1
Cmd: compileComputeKernel
  error: 1 plat 4 at TestGetHeight.compute(8): comma expression used where a vector constructor may have been intended
  api=4 insize=576 outsize=654 ok=1
Cmd: compileComputeKernel
  api=4 insize=585 outsize=900 ok=1
Cmd: compileComputeKernel
  api=4 insize=582 outsize=900 ok=1
Cmd: compileComputeKernel
  api=4 insize=655 outsize=528 ok=1
Cmd: compileComputeKernel
  api=4 insize=676 outsize=1056 ok=1
Cmd: compileComputeKernel
  api=4 insize=772 outsize=602 ok=1
