Base path: 'H:/2020.2.1f1/Editor/Data', plugins path 'H:/2020.2.1f1/Editor/Data/PlaybackEngines'
Cmd: initializeCompiler
Cmd: compileComputeKernel
  error: 2 plat 4 at TestGetHeight.compute(17): undeclared identifier 'working'
  api=4 insize=264 outsize=0 ok=0
Cmd: compileComputeKernel
  error: 2 plat 4 at TestGetHeight.compute(17): undeclared identifier 'working'
  api=4 insize=369 outsize=0 ok=0
Cmd: compileComputeKernel
  error: 2 plat 4 at TestGetHeight.compute(15): undeclared identifier 'working'
  api=4 insize=347 outsize=0 ok=0
Cmd: compileComputeKernel
  error: 2 plat 4 at TestGetHeight.compute(15): undeclared identifier 'working'
  api=4 insize=436 outsize=0 ok=0
Cmd: compileComputeKernel
  error: 2 plat 4 at TestGetHeight.compute(14): syntax error: unexpected token '='
  api=4 insize=322 outsize=0 ok=0
Cmd: compileComputeKernel
  api=4 insize=297 outsize=452 ok=1
Cmd: compileComputeKernel
  error: 1 plat 4 at TestGetHeight.compute(8): comma expression used where a vector constructor may have been intended
  error: 1 plat 4 at TestGetHeight.compute(14): comma expression used where a vector constructor may have been intended
  error: 1 plat 4 at TestGetHeight.compute(14): potentially unintended use of a comma expression in a variable initializer
  api=4 insize=632 outsize=682 ok=1
Cmd: compileComputeKernel
  error: 1 plat 4 at TestGetHeight.compute(8): comma expression used where a vector constructor may have been intended
  error: 1 plat 4 at TestGetHeight.compute(14): comma expression used where a vector constructor may have been intended
  error: 1 plat 4 at TestGetHeight.compute(14): potentially unintended use of a comma expression in a variable initializer
  api=4 insize=624 outsize=1014 ok=1
Cmd: compileComputeKernel
  error: 1 plat 4 at TestGetHeight.compute(8): comma expression used where a vector constructor may have been intended
  api=4 insize=576 outsize=654 ok=1
Cmd: compileComputeKernel
  api=4 insize=772 outsize=602 ok=1
Cmd: compileComputeKernel
  api=4 insize=784 outsize=602 ok=1
Cmd: compileComputeKernel
  api=4 insize=790 outsize=518 ok=1
