Base path: 'H:/2020.2.1f1/Editor/Data', plugins path 'H:/2020.2.1f1/Editor/Data/PlaybackEngines'
Cmd: initializeCompiler
Cmd: compileComputeKernel
  error: 2 plat 4 at TestGetHeight.compute(17): invalid subscript 'x'
  api=4 insize=287 outsize=0 ok=0
Cmd: compileComputeKernel
  error: 1 plat 4 at TestGetHeight.compute(8): comma expression used where a vector constructor may have been intended
  error: 1 plat 4 at TestGetHeight.compute(14): comma expression used where a vector constructor may have been intended
  error: 1 plat 4 at TestGetHeight.compute(14): potentially unintended use of a comma expression in a variable initializer
  api=4 insize=591 outsize=578 ok=1
Cmd: compileComputeKernel
  error: 1 plat 4 at TestGetHeight.compute(8): comma expression used where a vector constructor may have been intended
  error: 1 plat 4 at TestGetHeight.compute(14): comma expression used where a vector constructor may have been intended
  error: 1 plat 4 at TestGetHeight.compute(14): potentially unintended use of a comma expression in a variable initializer
  api=4 insize=641 outsize=682 ok=1
Cmd: compileComputeKernel
  error: 1 plat 4 at TestGetHeight.compute(8): comma expression used where a vector constructor may have been intended
  api=4 insize=573 outsize=678 ok=1
Cmd: compileComputeKernel
  api=4 insize=681 outsize=1020 ok=1
Cmd: compileComputeKernel
  api=4 insize=800 outsize=526 ok=1
Cmd: compileComputeKernel
  api=4 insize=807 outsize=602 ok=1

Quitting shader compiler process
