Base path: 'H:/2020.2.1f1/Editor/Data', plugins path 'H:/2020.2.1f1/Editor/Data/PlaybackEngines'
Cmd: initializeCompiler
Cmd: compileComputeKernel
  api=4 insize=343 outsize=461 ok=1
Cmd: compileComputeKernel
  error: 1 plat 4 at TestGetHeight.compute(8): comma expression used where a vector constructor may have been intended
  error: 1 plat 4 at TestGetHeight.compute(14): comma expression used where a vector constructor may have been intended
  error: 1 plat 4 at TestGetHeight.compute(14): potentially unintended use of a comma expression in a variable initializer
  api=4 insize=659 outsize=746 ok=1
Cmd: compileComputeKernel
  error: 1 plat 4 at TestGetHeight.compute(8): comma expression used where a vector constructor may have been intended
  api=4 insize=546 outsize=309 ok=1
Cmd: compileComputeKernel
  error: 1 plat 4 at TestGetHeight.compute(8): comma expression used where a vector constructor may have been intended
  api=4 insize=576 outsize=654 ok=1
Cmd: compileComputeKernel
  error: 1 plat 4 at TestGetHeight.compute(8): comma expression used where a vector constructor may have been intended
  api=4 insize=576 outsize=654 ok=1
Cmd: compileComputeKernel
  error: 2 plat 4 at TestGetHeight.compute(28): syntax error: unexpected token '['
  api=4 insize=775 outsize=0 ok=0
Cmd: compileComputeKernel
  api=4 insize=709 outsize=528 ok=1
Cmd: compileComputeKernel
  api=4 insize=518 outsize=223 ok=1
Cmd: compileComputeKernel
  api=4 insize=801 outsize=526 ok=1
Cmd: compileComputeKernel
  api=4 insize=807 outsize=602 ok=1
