Base path: 'H:/2020.2.1f1/Editor/Data', plugins path 'H:/2020.2.1f1/Editor/Data/PlaybackEngines'
Cmd: initializeCompiler
Cmd: compileComputeKernel
  error: 2 plat 4 at TestGetHeight.compute(13): invalid subscript 'x'
  api=4 insize=246 outsize=0 ok=0
Cmd: compileComputeKernel
  error: 1 plat 4 at TestGetHeight.compute(8): comma expression used where a vector constructor may have been intended
  error: 1 plat 4 at TestGetHeight.compute(14): comma expression used where a vector constructor may have been intended
  error: 1 plat 4 at TestGetHeight.compute(14): potentially unintended use of a comma expression in a variable initializer
  error: 2 plat 4 at TestGetHeight.compute(16): syntax error: unexpected token 'Result'
  api=4 insize=439 outsize=0 ok=0
Cmd: compileComputeKernel
  error: 1 plat 4 at TestGetHeight.compute(8): comma expression used where a vector constructor may have been intended
  error: 1 plat 4 at TestGetHeight.compute(14): comma expression used where a vector constructor may have been intended
  error: 1 plat 4 at TestGetHeight.compute(14): potentially unintended use of a comma expression in a variable initializer
  api=4 insize=441 outsize=452 ok=1
Cmd: compileComputeKernel
  error: 1 plat 4 at TestGetHeight.compute(8): comma expression used where a vector constructor may have been intended
  error: 1 plat 4 at TestGetHeight.compute(14): comma expression used where a vector constructor may have been intended
  error: 1 plat 4 at TestGetHeight.compute(14): potentially unintended use of a comma expression in a variable initializer
  error: 2 plat 4 at TestGetHeight.compute(15): 'sqrt': no matching 2 parameter intrinsic function; Possible intrinsic functions are: sqrt(float|half|min10float|min16float)
  api=4 insize=483 outsize=0 ok=0
Cmd: compileComputeKernel
  error: 1 plat 4 at TestGetHeight.compute(8): comma expression used where a vector constructor may have been intended
  error: 1 plat 4 at TestGetHeight.compute(14): comma expression used where a vector constructor may have been intended
  error: 1 plat 4 at TestGetHeight.compute(14): potentially unintended use of a comma expression in a variable initializer
  api=4 insize=623 outsize=520 ok=1
Cmd: compileComputeKernel
  error: 1 plat 4 at TestGetHeight.compute(8): comma expression used where a vector constructor may have been intended
  error: 1 plat 4 at TestGetHeight.compute(14): comma expression used where a vector constructor may have been intended
  error: 1 plat 4 at TestGetHeight.compute(14): potentially unintended use of a comma expression in a variable initializer
  api=4 insize=648 outsize=568 ok=1
Cmd: compileComputeKernel
  error: 1 plat 4 at TestGetHeight.compute(8): comma expression used where a vector constructor may have been intended
  api=4 insize=567 outsize=443 ok=1
Cmd: compileComputeKernel
  error: 1 plat 4 at TestGetHeight.compute(13): comma expression used where a vector constructor may have been intended
  api=4 insize=581 outsize=309 ok=1
Cmd: compileComputeKernel
  error: 2 plat 4 at TestGetHeight.compute(22): invalid type for index - index must be a scalar, or a vector with the correct number of dimensions
  api=4 insize=807 outsize=0 ok=0
Cmd: compileComputeKernel
  error: 2 plat 4 at TestGetHeight.compute(32): invalid subscript 'rgba'
  api=4 insize=771 outsize=0 ok=0
