Base path: 'H:/2020.2.1f1/Editor/Data', plugins path 'H:/2020.2.1f1/Editor/Data/PlaybackEngines'
Cmd: initializeCompiler
Cmd: compileComputeKernel
  error: 2 plat 4 at TestGetHeight.compute(13): invalid subscript 'xyz'
  api=4 insize=220 outsize=0 ok=0
Cmd: compileComputeKernel
  api=4 insize=262 outsize=432 ok=1
Cmd: compileComputeKernel
  error: 2 plat 4 at TestGetHeight.compute(15): undeclared identifier 'working'
  api=4 insize=343 outsize=0 ok=0
Cmd: compileComputeKernel
  error: 1 plat 4 at TestGetHeight.compute(8): comma expression used where a vector constructor may have been intended
  error: 1 plat 4 at TestGetHeight.compute(14): comma expression used where a vector constructor may have been intended
  error: 1 plat 4 at TestGetHeight.compute(14): potentially unintended use of a comma expression in a variable initializer
  api=4 insize=677 outsize=1118 ok=1
Cmd: compileComputeKernel
  error: 1 plat 4 at TestGetHeight.compute(8): comma expression used where a vector constructor may have been intended
  error: 1 plat 4 at TestGetHeight.compute(14): comma expression used where a vector constructor may have been intended
  error: 1 plat 4 at TestGetHeight.compute(14): potentially unintended use of a comma expression in a variable initializer
  api=4 insize=670 outsize=455 ok=1
Cmd: compileComputeKernel
  error: 1 plat 4 at TestGetHeight.compute(8): comma expression used where a vector constructor may have been intended
  api=4 insize=573 outsize=443 ok=1
Cmd: compileComputeKernel
  api=4 insize=588 outsize=309 ok=1
Cmd: compileComputeKernel
  api=4 insize=769 outsize=528 ok=1
Cmd: compileComputeKernel
  api=4 insize=794 outsize=538 ok=1
Cmd: compileComputeKernel
  api=4 insize=782 outsize=518 ok=1

Quitting shader compiler process
