Base path: 'H:/2020.2.1f1/Editor/Data', plugins path 'H:/2020.2.1f1/Editor/Data/PlaybackEngines'
Cmd: initializeCompiler
Cmd: compileComputeKernel
  api=4 insize=264 outsize=400 ok=1
Cmd: compileComputeKernel
  api=4 insize=283 outsize=400 ok=1
Cmd: compileComputeKernel
  api=4 insize=300 outsize=461 ok=1
Cmd: compileComputeKernel
  api=4 insize=245 outsize=400 ok=1
Cmd: compileComputeKernel
  api=4 insize=319 outsize=516 ok=1
Cmd: compileComputeKernel
  error: 1 plat 4 at TestGetHeight.compute(8): comma expression used where a vector constructor may have been intended
  error: 1 plat 4 at TestGetHeight.compute(14): comma expression used where a vector constructor may have been intended
  error: 1 plat 4 at TestGetHeight.compute(14): potentially unintended use of a comma expression in a variable initializer
  api=4 insize=653 outsize=568 ok=1
Cmd: compileComputeKernel
  error: 1 plat 4 at TestGetHeight.compute(8): comma expression used where a vector constructor may have been intended
  api=4 insize=582 outsize=654 ok=1
Cmd: compileComputeKernel
  error: 1 plat 4 at TestGetHeight.compute(8): comma expression used where a vector constructor may have been intended
  api=4 insize=578 outsize=654 ok=1
Cmd: compileComputeKernel
  error: 1 plat 4 at TestGetHeight.compute(8): comma expression used where a vector constructor may have been intended
  api=4 insize=573 outsize=678 ok=1
Cmd: compileComputeKernel
  error: 1 plat 4 at TestGetHeight.compute(8): comma expression used where a vector constructor may have been intended
  api=4 insize=573 outsize=678 ok=1
Cmd: compileComputeKernel
  api=4 insize=590 outsize=528 ok=1

Quitting shader compiler process
