Using pre-set license
Built from '2020.2/release' branch; Version is '2020.2.1f1 (270dd8c3da1c) revision 2559448'; Using compiler version '192528614'; Build Type 'Release'
OS: 'Windows 10  (10.0.0) 64bit' Language: 'en' Physical Memory: 32685 MB
BatchMode: 1, IsHumanControllingUs: 0, StartBugReporterOnCrash: 0, Is64bit: 1, IsPro: 0

 COMMAND LINE ARGUMENTS:
H:\2020.2.1f1\Editor\Unity.exe
-adb2
-batchMode
-noUpm
-name
AssetImportWorker0
-projectPath
H:/NormalToHeight
-logFile
Logs/AssetImportWorker0.log
-srvPort
57634
Successfully changed project path to: H:/NormalToHeight
H:/NormalToHeight
Using Asset Import Pipeline V2.
Refreshing native plugins compatible for Editor in 38.40 ms, found 1 plugins.
Preloading 0 native plugins for Editor in 0.00 ms.
Initialize engine version: 2020.2.1f1 (270dd8c3da1c)
[Subsystems] Discovering subsystems at path H:/2020.2.1f1/Editor/Data/Resources/UnitySubsystems
[Subsystems] Discovering subsystems at path H:/NormalToHeight/Assets
GfxDevice: creating device client; threaded=0
Direct3D:
    Version:  Direct3D 11.0 [level 11.1]
    Renderer: NVIDIA GeForce RTX 2070 (ID=0x1f02)
    Vendor:   
    VRAM:     8031 MB
    Driver:   30.0.14.7212
Initialize mono
Mono path[0] = 'H:/2020.2.1f1/Editor/Data/Managed'
Mono path[1] = 'H:/2020.2.1f1/Editor/Data/MonoBleedingEdge/lib/mono/unityjit'
Mono config path = 'H:/2020.2.1f1/Editor/Data/MonoBleedingEdge/etc'
Using monoOptions --debugger-agent=transport=dt_socket,embedding=1,server=y,suspend=n,address=127.0.0.1:56064
Begin MonoManager ReloadAssembly
Registering precompiled unity dll's ...
Register platform support module: H:/2020.2.1f1/Editor/Data/PlaybackEngines/WindowsStandaloneSupport/UnityEditor.WindowsStandalone.Extensions.dll
Registered in 0.001561 seconds.
Native extension for WindowsStandalone target not found
Refreshing native plugins compatible for Editor in 38.40 ms, found 1 plugins.
Preloading 0 native plugins for Editor in 0.00 ms.
Invoked RoslynAnalysisRunner static constructor.
RoslynAnalysisRunner will not be running.
RoslynAnalysisRunner has terminated.
Mono: successfully reloaded assembly
- Completed reload, in  2.923 seconds
Platform modules already initialized, skipping
Registering precompiled user dll's ...
Registered in 0.001255 seconds.
Begin MonoManager ReloadAssembly
Native extension for WindowsStandalone target not found
Refreshing native plugins compatible for Editor in 38.69 ms, found 1 plugins.
Preloading 0 native plugins for Editor in 0.00 ms.
Invoked RoslynAnalysisRunner static constructor.
RoslynAnalysisRunner will not be running.
RoslynAnalysisRunner has terminated.
Mono: successfully reloaded assembly
- Completed reload, in  1.022 seconds
Platform modules already initialized, skipping
========================================================================
Worker process is ready to serve import requests
Launched and connected shader compiler UnityShaderCompiler.exe after 0.05 seconds
Refreshing native plugins compatible for Editor in 0.44 ms, found 1 plugins.
Preloading 0 native plugins for Editor in 0.00 ms.
Unloading 1787 Unused Serialized files (Serialized files now loaded: 0)
System memory in use before: 84.0 MB.
System memory in use after: 84.0 MB.

Unloading 24 unused Assets to reduce memory usage. Loaded Objects now: 2229.
Total: 2.245200 ms (FindLiveObjects: 0.250600 ms CreateObjectMapping: 0.045800 ms MarkObjects: 1.815800 ms  DeleteObjects: 0.131300 ms)

========================================================================
Received Import Request.
  path: Assets/test
  artifactKey: Guid(00006c35bd6f0b8458a2ce8bc2b5502e) Importer(815301076,1909f56bfc062723c751e8b465ee728b)
Start importing Assets/test using Guid(00006c35bd6f0b8458a2ce8bc2b5502e) Importer(815301076,1909f56bfc062723c751e8b465ee728b)  -> (artifact id: '4c67298ff0ebe26f6c94d28b0ae9d512') in 0.009517 seconds
  Import took 0.012654 seconds .

========================================================================
Received Import Request.
  Time since last request: 0.000242 seconds.
  path: Assets/Scenes
  artifactKey: Guid(26fb08a9e73bae944a4a9b64b4752601) Importer(815301076,1909f56bfc062723c751e8b465ee728b)
Start importing Assets/Scenes using Guid(26fb08a9e73bae944a4a9b64b4752601) Importer(815301076,1909f56bfc062723c751e8b465ee728b)  -> (artifact id: '7e8e7b92c359fdb92d0e719fb9e3686f') in 0.005436 seconds
  Import took 0.008288 seconds .

========================================================================
Received Import Request.
  Time since last request: 11.374970 seconds.
  path: Assets/test/Diablo normal 2.jpg
  artifactKey: Guid(1203ac3187e183e47a9275817834f643) Importer(815301076,1909f56bfc062723c751e8b465ee728b)
Start importing Assets/test/Diablo normal 2.jpg using Guid(1203ac3187e183e47a9275817834f643) Importer(815301076,1909f56bfc062723c751e8b465ee728b)  -> (artifact id: 'e4575e117cbfc1b85ec929475be98189') in 0.148999 seconds
  Import took 0.152145 seconds .

========================================================================
Received Import Request.
  Time since last request: 6.001419 seconds.
  path: Assets/test/Diablo normal 2.jpg
  artifactKey: Guid(1203ac3187e183e47a9275817834f643) Importer(815301076,1909f56bfc062723c751e8b465ee728b)
Start importing Assets/test/Diablo normal 2.jpg using Guid(1203ac3187e183e47a9275817834f643) Importer(815301076,1909f56bfc062723c751e8b465ee728b)  -> (artifact id: 'f96ce015517e72248c8afad8ab2b4d4a') in 0.027988 seconds
  Import took 0.031171 seconds .

========================================================================
Received Prepare
Registering precompiled user dll's ...
Registered in 0.001190 seconds.
Begin MonoManager ReloadAssembly
Native extension for WindowsStandalone target not found
Refreshing native plugins compatible for Editor in 0.38 ms, found 1 plugins.
Preloading 0 native plugins for Editor in 0.00 ms.
Invoked RoslynAnalysisRunner static constructor.
RoslynAnalysisRunner will not be running.
RoslynAnalysisRunner has terminated.
Mono: successfully reloaded assembly
- Completed reload, in  0.892 seconds
Platform modules already initialized, skipping
Refreshing native plugins compatible for Editor in 0.38 ms, found 1 plugins.
Preloading 0 native plugins for Editor in 0.00 ms.
Unloading 1783 Unused Serialized files (Serialized files now loaded: 0)
System memory in use before: 87.2 MB.
System memory in use after: 87.2 MB.

Unloading 12 unused Assets to reduce memory usage. Loaded Objects now: 2241.
Total: 2.084200 ms (FindLiveObjects: 0.209800 ms CreateObjectMapping: 0.043200 ms MarkObjects: 1.726200 ms  DeleteObjects: 0.103800 ms)

========================================================================
Received Prepare
Registering precompiled user dll's ...
Registered in 0.001325 seconds.
Begin MonoManager ReloadAssembly
Native extension for WindowsStandalone target not found
Refreshing native plugins compatible for Editor in 0.38 ms, found 1 plugins.
Preloading 0 native plugins for Editor in 0.00 ms.
Invoked RoslynAnalysisRunner static constructor.
RoslynAnalysisRunner will not be running.
RoslynAnalysisRunner has terminated.
Mono: successfully reloaded assembly
- Completed reload, in  0.950 seconds
Platform modules already initialized, skipping
Refreshing native plugins compatible for Editor in 0.40 ms, found 1 plugins.
Preloading 0 native plugins for Editor in 0.00 ms.
Unloading 1783 Unused Serialized files (Serialized files now loaded: 0)
System memory in use before: 87.4 MB.
System memory in use after: 87.4 MB.

Unloading 12 unused Assets to reduce memory usage. Loaded Objects now: 2244.
Total: 2.193800 ms (FindLiveObjects: 0.222200 ms CreateObjectMapping: 0.044900 ms MarkObjects: 1.795300 ms  DeleteObjects: 0.130200 ms)

========================================================================
Received Prepare
Registering precompiled user dll's ...
Registered in 0.001448 seconds.
Begin MonoManager ReloadAssembly
Native extension for WindowsStandalone target not found
Refreshing native plugins compatible for Editor in 0.41 ms, found 1 plugins.
Preloading 0 native plugins for Editor in 0.00 ms.
Invoked RoslynAnalysisRunner static constructor.
RoslynAnalysisRunner will not be running.
RoslynAnalysisRunner has terminated.
Mono: successfully reloaded assembly
- Completed reload, in  0.914 seconds
Platform modules already initialized, skipping
Refreshing native plugins compatible for Editor in 0.38 ms, found 1 plugins.
Preloading 0 native plugins for Editor in 0.00 ms.
Unloading 1783 Unused Serialized files (Serialized files now loaded: 0)
System memory in use before: 87.5 MB.
System memory in use after: 87.5 MB.

Unloading 12 unused Assets to reduce memory usage. Loaded Objects now: 2247.
Total: 2.415800 ms (FindLiveObjects: 0.313000 ms CreateObjectMapping: 0.069300 ms MarkObjects: 1.906600 ms  DeleteObjects: 0.126000 ms)

========================================================================
Received Import Request.
  Time since last request: 106.272747 seconds.
  path: Assets/test/Test.mat
  artifactKey: Guid(605279176291a8440bee67dce04524bb) Importer(815301076,1909f56bfc062723c751e8b465ee728b)
Start importing Assets/test/Test.mat using Guid(605279176291a8440bee67dce04524bb) Importer(815301076,1909f56bfc062723c751e8b465ee728b)  -> (artifact id: '2bd9ff9c651266189660213d052d1ca9') in 0.071714 seconds
  Import took 0.075052 seconds .

========================================================================
Received Import Request.
  Time since last request: 55.146387 seconds.
  path: Assets/test/Diablo normal 2.jpg
  artifactKey: Guid(1203ac3187e183e47a9275817834f643) Importer(815301076,1909f56bfc062723c751e8b465ee728b)
Start importing Assets/test/Diablo normal 2.jpg using Guid(1203ac3187e183e47a9275817834f643) Importer(815301076,1909f56bfc062723c751e8b465ee728b)  -> (artifact id: '04eb5d53cfdf004e0f5d32ad4d6b139a') in 0.018801 seconds
  Import took 0.022058 seconds .

========================================================================
Received Prepare
Registering precompiled user dll's ...
Registered in 0.001526 seconds.
Begin MonoManager ReloadAssembly
Native extension for WindowsStandalone target not found
Refreshing native plugins compatible for Editor in 0.37 ms, found 1 plugins.
Preloading 0 native plugins for Editor in 0.00 ms.
Invoked RoslynAnalysisRunner static constructor.
RoslynAnalysisRunner will not be running.
RoslynAnalysisRunner has terminated.
Mono: successfully reloaded assembly
- Completed reload, in  0.889 seconds
Platform modules already initialized, skipping
Refreshing native plugins compatible for Editor in 0.38 ms, found 1 plugins.
Preloading 0 native plugins for Editor in 0.00 ms.
Unloading 1783 Unused Serialized files (Serialized files now loaded: 0)
System memory in use before: 87.8 MB.
System memory in use after: 87.8 MB.

Unloading 12 unused Assets to reduce memory usage. Loaded Objects now: 2287.
Total: 2.047100 ms (FindLiveObjects: 0.201400 ms CreateObjectMapping: 0.045400 ms MarkObjects: 1.692300 ms  DeleteObjects: 0.107100 ms)

========================================================================
Received Prepare
Registering precompiled user dll's ...
Registered in 0.001562 seconds.
Begin MonoManager ReloadAssembly
Native extension for WindowsStandalone target not found
Refreshing native plugins compatible for Editor in 0.37 ms, found 1 plugins.
Preloading 0 native plugins for Editor in 0.00 ms.
Invoked RoslynAnalysisRunner static constructor.
RoslynAnalysisRunner will not be running.
RoslynAnalysisRunner has terminated.
Mono: successfully reloaded assembly
- Completed reload, in  0.916 seconds
Platform modules already initialized, skipping
Refreshing native plugins compatible for Editor in 0.37 ms, found 1 plugins.
Preloading 0 native plugins for Editor in 0.00 ms.
Unloading 1784 Unused Serialized files (Serialized files now loaded: 0)
System memory in use before: 87.9 MB.
System memory in use after: 87.9 MB.

Unloading 12 unused Assets to reduce memory usage. Loaded Objects now: 2291.
Total: 2.414800 ms (FindLiveObjects: 0.240300 ms CreateObjectMapping: 0.046600 ms MarkObjects: 2.006800 ms  DeleteObjects: 0.119800 ms)

========================================================================
Received Prepare
Registering precompiled user dll's ...
Registered in 0.001308 seconds.
Begin MonoManager ReloadAssembly
Native extension for WindowsStandalone target not found
Refreshing native plugins compatible for Editor in 0.38 ms, found 1 plugins.
Preloading 0 native plugins for Editor in 0.00 ms.
Invoked RoslynAnalysisRunner static constructor.
RoslynAnalysisRunner will not be running.
RoslynAnalysisRunner has terminated.
Mono: successfully reloaded assembly
- Completed reload, in  0.894 seconds
Platform modules already initialized, skipping
Refreshing native plugins compatible for Editor in 0.37 ms, found 1 plugins.
Preloading 0 native plugins for Editor in 0.00 ms.
Unloading 1784 Unused Serialized files (Serialized files now loaded: 0)
System memory in use before: 88.0 MB.
System memory in use after: 88.0 MB.

Unloading 12 unused Assets to reduce memory usage. Loaded Objects now: 2294.
Total: 2.254500 ms (FindLiveObjects: 0.228400 ms CreateObjectMapping: 0.046500 ms MarkObjects: 1.861500 ms  DeleteObjects: 0.117100 ms)

========================================================================
Received Prepare
Registering precompiled user dll's ...
Registered in 0.001291 seconds.
Begin MonoManager ReloadAssembly
Native extension for WindowsStandalone target not found
Refreshing native plugins compatible for Editor in 0.41 ms, found 1 plugins.
Preloading 0 native plugins for Editor in 0.00 ms.
Invoked RoslynAnalysisRunner static constructor.
RoslynAnalysisRunner will not be running.
RoslynAnalysisRunner has terminated.
Mono: successfully reloaded assembly
- Completed reload, in  0.893 seconds
Platform modules already initialized, skipping
Refreshing native plugins compatible for Editor in 0.38 ms, found 1 plugins.
Preloading 0 native plugins for Editor in 0.00 ms.
Unloading 1784 Unused Serialized files (Serialized files now loaded: 0)
System memory in use before: 88.1 MB.
System memory in use after: 88.1 MB.

Unloading 12 unused Assets to reduce memory usage. Loaded Objects now: 2297.
Total: 2.275500 ms (FindLiveObjects: 0.231800 ms CreateObjectMapping: 0.044800 ms MarkObjects: 1.874700 ms  DeleteObjects: 0.122800 ms)

========================================================================
Received Import Request.
  Time since last request: 120.886568 seconds.
  path: Assets/test/Test.mat
  artifactKey: Guid(605279176291a8440bee67dce04524bb) Importer(815301076,1909f56bfc062723c751e8b465ee728b)
Start importing Assets/test/Test.mat using Guid(605279176291a8440bee67dce04524bb) Importer(815301076,1909f56bfc062723c751e8b465ee728b)  -> (artifact id: '75ccefd81a1bc55f26dd9cd07dde0ab0') in 0.063514 seconds
  Import took 0.066692 seconds .

========================================================================
Received Prepare
Registering precompiled user dll's ...
Registered in 0.001307 seconds.
Begin MonoManager ReloadAssembly
Native extension for WindowsStandalone target not found
Refreshing native plugins compatible for Editor in 0.40 ms, found 1 plugins.
Preloading 0 native plugins for Editor in 0.00 ms.
Invoked RoslynAnalysisRunner static constructor.
RoslynAnalysisRunner will not be running.
RoslynAnalysisRunner has terminated.
Mono: successfully reloaded assembly
- Completed reload, in  0.894 seconds
Platform modules already initialized, skipping
Refreshing native plugins compatible for Editor in 0.39 ms, found 1 plugins.
Preloading 0 native plugins for Editor in 0.00 ms.
Unloading 1784 Unused Serialized files (Serialized files now loaded: 0)
System memory in use before: 88.2 MB.
System memory in use after: 88.2 MB.

Unloading 12 unused Assets to reduce memory usage. Loaded Objects now: 2302.
Total: 2.426100 ms (FindLiveObjects: 0.240600 ms CreateObjectMapping: 0.045200 ms MarkObjects: 2.000700 ms  DeleteObjects: 0.138300 ms)

========================================================================
Received Prepare
Registering precompiled user dll's ...
Registered in 0.001288 seconds.
Begin MonoManager ReloadAssembly
Native extension for WindowsStandalone target not found
Refreshing native plugins compatible for Editor in 0.37 ms, found 1 plugins.
Preloading 0 native plugins for Editor in 0.00 ms.
Invoked RoslynAnalysisRunner static constructor.
RoslynAnalysisRunner will not be running.
RoslynAnalysisRunner has terminated.
Mono: successfully reloaded assembly
- Completed reload, in  0.884 seconds
Platform modules already initialized, skipping
Refreshing native plugins compatible for Editor in 0.37 ms, found 1 plugins.
Preloading 0 native plugins for Editor in 0.00 ms.
Unloading 1784 Unused Serialized files (Serialized files now loaded: 0)
System memory in use before: 88.3 MB.
System memory in use after: 88.3 MB.

Unloading 12 unused Assets to reduce memory usage. Loaded Objects now: 2305.
Total: 2.067900 ms (FindLiveObjects: 0.202500 ms CreateObjectMapping: 0.044800 ms MarkObjects: 1.712600 ms  DeleteObjects: 0.106900 ms)

========================================================================
Received Import Request.
  Time since last request: 149.380546 seconds.
  path: Assets/test/Diablo normal 2.jpg
  artifactKey: Guid(1203ac3187e183e47a9275817834f643) Importer(815301076,1909f56bfc062723c751e8b465ee728b)
Start importing Assets/test/Diablo normal 2.jpg using Guid(1203ac3187e183e47a9275817834f643) Importer(815301076,1909f56bfc062723c751e8b465ee728b)  -> (artifact id: '12ddd9b62d94c4438497dbc43d41d325') in 0.038729 seconds
  Import took 0.041898 seconds .

========================================================================
Received Import Request.
  Time since last request: 0.083891 seconds.
  path: Assets/test/Diablo normal 2.jpg
  artifactKey: Guid(1203ac3187e183e47a9275817834f643) Importer(815301076,1909f56bfc062723c751e8b465ee728b)
Start importing Assets/test/Diablo normal 2.jpg using Guid(1203ac3187e183e47a9275817834f643) Importer(815301076,1909f56bfc062723c751e8b465ee728b)  -> (artifact id: '12ddd9b62d94c4438497dbc43d41d325') in 0.011818 seconds
  Import took 0.014919 seconds .

========================================================================
Received Prepare
Registering precompiled user dll's ...
Registered in 0.001514 seconds.
Begin MonoManager ReloadAssembly
Native extension for WindowsStandalone target not found
Refreshing native plugins compatible for Editor in 0.45 ms, found 1 plugins.
Preloading 0 native plugins for Editor in 0.00 ms.
Invoked RoslynAnalysisRunner static constructor.
RoslynAnalysisRunner will not be running.
RoslynAnalysisRunner has terminated.
Mono: successfully reloaded assembly
- Completed reload, in  0.987 seconds
Platform modules already initialized, skipping
Refreshing native plugins compatible for Editor in 0.37 ms, found 1 plugins.
Preloading 0 native plugins for Editor in 0.00 ms.
Unloading 1784 Unused Serialized files (Serialized files now loaded: 0)
System memory in use before: 88.4 MB.
System memory in use after: 88.4 MB.

Unloading 12 unused Assets to reduce memory usage. Loaded Objects now: 2308.
Total: 2.868800 ms (FindLiveObjects: 0.314600 ms CreateObjectMapping: 0.047500 ms MarkObjects: 2.352700 ms  DeleteObjects: 0.152700 ms)

========================================================================
Received Import Request.
  Time since last request: 1666.083554 seconds.
  path: Assets/Angle.cs
  artifactKey: Guid(bd9896c0626a2d3438ffc85dafd8c380) Importer(815301076,1909f56bfc062723c751e8b465ee728b)
Start importing Assets/Angle.cs using Guid(bd9896c0626a2d3438ffc85dafd8c380) Importer(815301076,1909f56bfc062723c751e8b465ee728b)  -> (artifact id: '9543fabcba0340597a49de83785a28f7') in 0.014628 seconds
  Import took 0.018065 seconds .

========================================================================
Received Import Request.
  Time since last request: 0.259428 seconds.
  path: Assets/NormalMap.cs
  artifactKey: Guid(e62f0c04b2db91c4ca0b1e9d6f241298) Importer(815301076,1909f56bfc062723c751e8b465ee728b)
Start importing Assets/NormalMap.cs using Guid(e62f0c04b2db91c4ca0b1e9d6f241298) Importer(815301076,1909f56bfc062723c751e8b465ee728b)  -> (artifact id: 'fc9b62d627a955b831910c12c850cc6b') in 0.005781 seconds
  Import took 0.008867 seconds .

========================================================================
Received Import Request.
  Time since last request: 10.471848 seconds.
  path: Assets
  artifactKey: Guid(00000000000000001000000000000000) Importer(815301076,1909f56bfc062723c751e8b465ee728b)
Start importing Assets using Guid(00000000000000001000000000000000) Importer(815301076,1909f56bfc062723c751e8b465ee728b)  -> (artifact id: 'e1a2c4dac9df7c17871e19a3b74f0e9f') in 0.006399 seconds
  Import took 0.009446 seconds .

========================================================================
Received Import Request.
  Time since last request: 3.265450 seconds.
  path: Assets/Angle.cs
  artifactKey: Guid(bd9896c0626a2d3438ffc85dafd8c380) Importer(815301076,1909f56bfc062723c751e8b465ee728b)
Start importing Assets/Angle.cs using Guid(bd9896c0626a2d3438ffc85dafd8c380) Importer(815301076,1909f56bfc062723c751e8b465ee728b)  -> (artifact id: '2d6ffbb0c3ff7e95c727095fdc9ac24d') in 0.005738 seconds
  Import took 0.009010 seconds .

========================================================================
Received Import Request.
  Time since last request: 0.002303 seconds.
  path: Assets/Angle.cs
  artifactKey: Guid(bd9896c0626a2d3438ffc85dafd8c380) Importer(815301076,1909f56bfc062723c751e8b465ee728b)
Start importing Assets/Angle.cs using Guid(bd9896c0626a2d3438ffc85dafd8c380) Importer(815301076,1909f56bfc062723c751e8b465ee728b)  -> (artifact id: '2d6ffbb0c3ff7e95c727095fdc9ac24d') in 0.005284 seconds
  Import took 0.008474 seconds .

========================================================================
Received Prepare
Registering precompiled user dll's ...
Registered in 0.001450 seconds.
Begin MonoManager ReloadAssembly
Native extension for WindowsStandalone target not found
Refreshing native plugins compatible for Editor in 0.37 ms, found 1 plugins.
Preloading 0 native plugins for Editor in 0.00 ms.
Invoked RoslynAnalysisRunner static constructor.
RoslynAnalysisRunner will not be running.
RoslynAnalysisRunner has terminated.
Mono: successfully reloaded assembly
- Completed reload, in  0.891 seconds
Platform modules already initialized, skipping
Refreshing native plugins compatible for Editor in 0.38 ms, found 1 plugins.
Preloading 0 native plugins for Editor in 0.00 ms.
Unloading 1785 Unused Serialized files (Serialized files now loaded: 0)
System memory in use before: 88.5 MB.
System memory in use after: 88.5 MB.

Unloading 12 unused Assets to reduce memory usage. Loaded Objects now: 2312.
Total: 2.105400 ms (FindLiveObjects: 0.222600 ms CreateObjectMapping: 0.044700 ms MarkObjects: 1.725400 ms  DeleteObjects: 0.111700 ms)

========================================================================
Received Import Request.
  Time since last request: 315.867628 seconds.
  path: Assets/Angle.cs
  artifactKey: Guid(bd9896c0626a2d3438ffc85dafd8c380) Importer(815301076,1909f56bfc062723c751e8b465ee728b)
Start importing Assets/Angle.cs using Guid(bd9896c0626a2d3438ffc85dafd8c380) Importer(815301076,1909f56bfc062723c751e8b465ee728b)  -> (artifact id: '8bef9804f3165468c05f872b86fadee0') in 0.007818 seconds
  Import took 0.022262 seconds .

